2022-08-23 13:53:30,537 - Run_dms.test_run - ERROR - Traceback (most recent call last):
  File "F:\DMS\Run_dms\test_run.py", line 14, in setup
    self.op = op.test1()
  File "F:\DMS\Page_DMS\Operation.py", line 17, in __init__
    self.wb.find_element(By.XPATH, '//*[@id="popContainer"]/div/div[1]/div[2]/form/div[1]/div/div/span/span/input').send_keys(18830059396)
  File "F:\DMS\venv\lib\site-packages\selenium\webdriver\remote\webdriver.py", line 857, in find_element
    return self.execute(Command.FIND_ELEMENT, {
  File "F:\DMS\venv\lib\site-packages\selenium\webdriver\remote\webdriver.py", line 435, in execute
    self.error_handler.check_response(response)
  File "F:\DMS\venv\lib\site-packages\selenium\webdriver\remote\errorhandler.py", line 247, in check_response
    raise exception_class(message, screen, stacktrace)
selenium.common.exceptions.NoSuchElementException: Message: no such element: Unable to locate element: {"method":"xpath","selector":"//*[@id="popContainer"]/div/div[1]/div[2]/form/div[1]/div/div/span/span/input"}
  (Session info: chrome=104.0.5112.101)
Stacktrace:
Backtrace:
	Ordinal0 [0x012C78B3+2193587]
	Ordinal0 [0x01260681+1771137]
	Ordinal0 [0x011741A8+803240]
	Ordinal0 [0x011A24A0+992416]
	Ordinal0 [0x011A273B+993083]
	Ordinal0 [0x011CF7C2+1177538]
	Ordinal0 [0x011BD7F4+1103860]
	Ordinal0 [0x011CDAE2+1170146]
	Ordinal0 [0x011BD5C6+1103302]
	Ordinal0 [0x011977E0+948192]
	Ordinal0 [0x011986E6+952038]
	GetHandleVerifier [0x01570CB2+2738370]
	GetHandleVerifier [0x015621B8+2678216]
	GetHandleVerifier [0x013517AA+512954]
	GetHandleVerifier [0x01350856+509030]
	Ordinal0 [0x0126743B+1799227]
	Ordinal0 [0x0126BB68+1817448]
	Ordinal0 [0x0126BC55+1817685]
	Ordinal0 [0x01275230+1856048]
	BaseThreadInitThunk [0x76220419+25]
	RtlGetAppContainerNamedObjectPath [0x77BD74ED+237]
	RtlGetAppContainerNamedObjectPath [0x77BD74BD+189]


